C51 COMPILER V9.52.0.0   DELAY                                                             02/07/2016 00:25:47 PAGE 1   


C51 COMPILER V9.52.0.0, COMPILATION OF MODULE DELAY
OBJECT MODULE PLACED IN delay.OBJ
COMPILER INVOKED BY: C:\Keil\C51\BIN\C51.EXE delay.c BROWSE DEBUG OBJECTEXTEND TABS(2)

line level    source

*** WARNING C500 IN LINE 1 OF delay.c: LICENSE ERROR (R207(3): REGISTRY READ ERROR)

   1          #include <reg52.h>
   2          #include "delay.h"
   3          
   4          /*------------------------------------------------
   5           uS延时函数，含有输入参数 unsigned char t，无返回值
   6           unsigned char 是定义无符号字符变量，其值的范围是
   7           0~255 这里使用晶振12M，精确延时请使用汇编,大致延时
   8           长度如下 T=tx2+5 uS
   9          ------------------------------------------------*/
  10          void DelayUs2x(unsigned char t)
  11          {
  12   1       while(--t);
  13   1      }
  14          /*------------------------------------------------
  15           mS延时函数，含有输入参数 unsigned char t，无返回值
  16           unsigned char 是定义无符号字符变量，其值的范围是
  17           0~255 这里使用晶振12M，精确延时请使用汇编
  18          ------------------------------------------------*/
  19          void DelayMs(unsigned int t)
  20          {
  21   1      
  22   1       while(t--)
  23   1       {
  24   2           //大致延时1mS
  25   2           DelayUs2x(245);
  26   2         DelayUs2x(245);
  27   2       }
  28   1      }
  29          
  30          void DelayMin(unsigned char t){
  31   1        while(t--){
  32   2          DelayMs(60000);
  33   2        }
  34   1      }
  35          void DelaySec(unsigned char t){
  36   1        while(t--){
  37   2          DelayMs(1000);
  38   2        }
  39   1      }
  40          void DelayHor(unsigned char t){
  41   1        while(t--){
  42   2          DelayMin(60);
  43   2        }
  44   1      }


MODULE INFORMATION:   STATIC OVERLAYABLE
   CODE SIZE        =     82    ----
   CONSTANT SIZE    =   ----    ----
   XDATA SIZE       =   ----    ----
   PDATA SIZE       =   ----    ----
   DATA SIZE        =   ----    ----
   IDATA SIZE       =   ----    ----
   BIT SIZE         =   ----    ----
C51 COMPILER V9.52.0.0   DELAY                                                             02/07/2016 00:25:47 PAGE 2   

END OF MODULE INFORMATION.


C51 COMPILATION COMPLETE.  1 WARNING(S),  0 ERROR(S)
