C51 COMPILER V9.52.0.0   MUSIC                                                             02/07/2016 00:25:48 PAGE 1   


C51 COMPILER V9.52.0.0, COMPILATION OF MODULE MUSIC
OBJECT MODULE PLACED IN music.OBJ
COMPILER INVOKED BY: C:\Keil\C51\BIN\C51.EXE music.c BROWSE DEBUG OBJECTEXTEND TABS(2)

line level    source

*** WARNING C500 IN LINE 1 OF music.c: LICENSE ERROR (R207(3): REGISTRY READ ERROR)

   1          #include <reg52.h>
   2          #include "music.h"
   3          #include "delay.h"
   4          #include "sheet.h"
   5          unsigned char Timer0_H,Timer0_L,Time;
   6          sbit SPK=P1^2;
   7          unsigned char k,i;
   8          void music(void)
   9          {
  10   1        TMOD|=0x01; //置定时器0工作方式1
  11   1        EA=1;       //打开全局中断
  12   1        ET0=1;      //打开定时0中断
  13   1      
  14   1      
  15   1      while(1)
  16   1           {
  17   2            i=0;
  18   2            while(i<100)
  19   2               {         //音乐数组长度 ，唱完从头再来
  20   3                 k=MUSIC1[i]+7*MUSIC1[i+1]-1;//去音符振荡频率所需数据
  21   3                 Timer0_H=FREQH[k];
  22   3                 Timer0_L=FREQL[k];
  23   3                 Time=MUSIC1[i+2];          //节拍时长
  24   3                 i=i+3;
  25   3                 Song();
  26   3                }
  27   2            }
  28   1       }
  29          
  30          
  31          void delay(unsigned char t)
  32          {
  33   1          unsigned char i;
  34   1        for(i=0;i<t;i++)
  35   1            DelayMs(250);
  36   1          TR0=0;
  37   1       }
  38          
  39          void Song()
  40          {
  41   1       TH0=Timer0_H;//赋值定时器时间，决定频率
  42   1       TL0=Timer0_L;
  43   1       TR0=1;       //打开定时器
  44   1       delay(Time); //延时所需要的节拍
  45   1       }
  46          
  47           void TIM0_ISR() interrupt 1
  48           {
  49   1        TR0=0;
  50   1        SPK=!SPK;
  51   1        TH0=Timer0_H;
  52   1        TL0=Timer0_L;
  53   1        TR0=1;
  54   1        }
C51 COMPILER V9.52.0.0   MUSIC                                                             02/07/2016 00:25:48 PAGE 2   



MODULE INFORMATION:   STATIC OVERLAYABLE
   CODE SIZE        =    123    ----
   CONSTANT SIZE    =    158    ----
   XDATA SIZE       =   ----    ----
   PDATA SIZE       =   ----    ----
   DATA SIZE        =      5       2
   IDATA SIZE       =   ----    ----
   BIT SIZE         =   ----    ----
END OF MODULE INFORMATION.


C51 COMPILATION COMPLETE.  1 WARNING(S),  0 ERROR(S)
