C51 COMPILER V9.52.0.0   MAIN                                                              03/24/2016 17:16:16 PAGE 1   


C51 COMPILER V9.52.0.0, COMPILATION OF MODULE MAIN
OBJECT MODULE PLACED IN main.OBJ
COMPILER INVOKED BY: C:\Keil\C51\BIN\C51.EXE main.c BROWSE DEBUG OBJECTEXTEND TABS(2)

line level    source

   1          #include <reg52.h>
   2          
   3          sbit OUT=P1^2;
   4          void time_init(void);
   5          void main(void){
   6   1        time_init();
   7   1        while(1);
   8   1      }
   9          
  10          void time_init(void){
  11   1        TMOD|=0x01;
  12   1        TH0=(65536-500)/256;
  13   1        TL0=(65536-500)%256;
  14   1        EA=1;
  15   1        ET0=1;
  16   1        TR0=1;
  17   1      }
  18          
  19          void timer0 (void) interrupt 1 using 1{
  20   1        TH0=(65536-500)/256;
  21   1        TL0=(65536-500)%256;
  22   1        OUT=~OUT;
  23   1      }


MODULE INFORMATION:   STATIC OVERLAYABLE
   CODE SIZE        =     30    ----
   CONSTANT SIZE    =   ----    ----
   XDATA SIZE       =   ----    ----
   PDATA SIZE       =   ----    ----
   DATA SIZE        =   ----    ----
   IDATA SIZE       =   ----    ----
   BIT SIZE         =   ----    ----
END OF MODULE INFORMATION.


C51 COMPILATION COMPLETE.  0 WARNING(S),  0 ERROR(S)
