C51 COMPILER V9.52.0.0   MAIN                                                              04/01/2016 18:50:28 PAGE 1   


C51 COMPILER V9.52.0.0, COMPILATION OF MODULE MAIN
OBJECT MODULE PLACED IN main.OBJ
COMPILER INVOKED BY: C:\Keil\C51\BIN\C51.EXE main.c BROWSE DEBUG OBJECTEXTEND TABS(2)

line level    source

   1          #include <reg52.h>
   2          #define SUM 100
   3          //#define NUM 10
   4          sbit OUT=P2^2;
   5          sbit KEY=P3^6;
   6          void delayUS(unsigned char);
   7          void delayMS(unsigned char);
   8          void init(void);
   9          int NUM=10;
  10          int main(void) {
  11   1        int key=0,count=0;
  12   1        init();
  13   1        while(1){
  14   2          key=KEY;
  15   2          if(key){
  16   3            delayMS(10);
  17   3            key=KEY;
  18   3            if(key){
  19   4              if(count==0){
  20   5                NUM+=10;
  21   5                if(NUM==100){
  22   6                  count=1;
  23   6                }
  24   5              }else{
  25   5                NUM-=10;
  26   5                if(NUM==0){
  27   6                  count=0;
  28   6                }
  29   5              }
  30   4      
  31   4            }
  32   3            while(key){
  33   4              key=KEY;
  34   4            }
  35   3          }
  36   2        };
  37   1        return 0;
  38   1      }
  39          
  40          void init(void){
  41   1        TMOD|=0X01;
  42   1        TH0=(65536-50)/256;
  43   1        TL0=(65536-50)%256;
  44   1        EA=1;
  45   1        ET0=1;
  46   1        TR0=1;
  47   1      }
  48          void timer0 (void) interrupt 1 using 1{
  49   1        static count=0;
  50   1        TH0=(65536-50)/256;
  51   1        TL0=(65536-50)%256;
  52   1        count++;
  53   1        if(count<=NUM){
  54   2          OUT=0;
  55   2        }else{
C51 COMPILER V9.52.0.0   MAIN                                                              04/01/2016 18:50:28 PAGE 2   

  56   2          OUT=1;
  57   2        }
  58   1        if(NUM>100){
  59   2          NUM=0;
  60   2        }
  61   1        if(count==SUM){
  62   2          // n++;
  63   2          // NUM=n;
  64   2          count=0;
  65   2        }
  66   1      }
  67          void delayUS(unsigned char t){
  68   1        while(--t);
  69   1      }
  70          void delayMS(unsigned char t){
  71   1        while(--t){
  72   2          delayUS(245);
  73   2          delayUS(245);
  74   2        }
  75   1      }
*** WARNING C294 IN LINE 37 OF main.c: unreachable code


MODULE INFORMATION:   STATIC OVERLAYABLE
   CODE SIZE        =    228    ----
   CONSTANT SIZE    =   ----    ----
   XDATA SIZE       =   ----    ----
   PDATA SIZE       =   ----    ----
   DATA SIZE        =      4       4
   IDATA SIZE       =   ----    ----
   BIT SIZE         =   ----    ----
END OF MODULE INFORMATION.


C51 COMPILATION COMPLETE.  1 WARNING(S),  0 ERROR(S)
