C51 COMPILER V9.52.0.0   MAIN                                                              03/26/2016 16:31:43 PAGE 1   


C51 COMPILER V9.52.0.0, COMPILATION OF MODULE MAIN
OBJECT MODULE PLACED IN main.OBJ
COMPILER INVOKED BY: C:\Keil\C51\BIN\C51.EXE main.c BROWSE DEBUG OBJECTEXTEND TABS(2)

line level    source

   1          #include <reg52.h>
   2          void sendString(unsigned char *s);
   3          void InitUART(void);
   4          void main(void){
   5   1        InitUART();
   6   1        ES=0;
   7   1        sendString("123456789\n");
   8   1        ES=1;//打开串口中断
   9   1        // while(1){
  10   1        //
  11   1        // }
  12   1      }
  13          
  14          void sendByte(unsigned char dat){
  15   1        SBUF=dat;//缓冲器
  16   1        while(!TI);
  17   1        TI=0;//发送中断标志位
  18   1      
  19   1      }
  20          void sendString(unsigned char *s){
  21   1        while(*s!='\0'){
  22   2          sendByte(*s);
  23   2          s++;
  24   2        }
  25   1      }
  26          
  27          void InitUART(void){
  28   1        PCON=0X80;//电源控制寄存器
  29   1        SCON=0X50;//串口控制寄存器
  30   1        TMOD|=0X20;//模式控制寄存器
  31   1        TH1=0XF3;//定时器一高八位
  32   1        // 0xf3,fosc=12MHZ,baud rate=2400
  33   1        TR1=1;//打开定时器一
  34   1        EA=1;//打开总中断
  35   1        // ES=1;
  36   1      }
  37          
  38          void UART_SER(void) interrupt 4{
  39   1        if(RI){
  40   2          RI=0;//接收中断标志位
  41   2        }
  42   1        if(TI){
  43   2          TI=0;
  44   2        }
  45   1      }


MODULE INFORMATION:   STATIC OVERLAYABLE
   CODE SIZE        =     72    ----
   CONSTANT SIZE    =     11    ----
   XDATA SIZE       =   ----    ----
   PDATA SIZE       =   ----    ----
   DATA SIZE        =   ----    ----
   IDATA SIZE       =   ----    ----
   BIT SIZE         =   ----    ----
C51 COMPILER V9.52.0.0   MAIN                                                              03/26/2016 16:31:43 PAGE 2   

END OF MODULE INFORMATION.


C51 COMPILATION COMPLETE.  0 WARNING(S),  0 ERROR(S)
